Connecting to database specified by database.yml
Connecting to database specified by database.yml


Started GET "/" for 127.0.0.1 at 2013-04-16 10:26:49 -0500
Processing by HomeController#index as HTML
  Rendered home/_busqueda.html.erb (0.7ms)
  Rendered home/index.html.erb within layouts/application (20.5ms)
Compiled administrador.css  (9ms)  (pid 5208)
Compiled bootstrap_and_overrides.css  (2651ms)  (pid 5208)
Compiled home.css  (1ms)  (pid 5208)
Compiled notificacion.css  (1ms)  (pid 5208)
Compiled scaffolds.css  (10ms)  (pid 5208)
Compiled solicitudes.css  (1ms)  (pid 5208)
Compiled application.css  (2917ms)  (pid 5208)
Compiled jquery.js  (1ms)  (pid 5208)
Compiled jquery_ujs.js  (0ms)  (pid 5208)
Compiled bootstrap-transition.js  (0ms)  (pid 5208)
Compiled bootstrap-affix.js  (0ms)  (pid 5208)
Compiled bootstrap-alert.js  (0ms)  (pid 5208)
Compiled bootstrap-button.js  (0ms)  (pid 5208)
Compiled bootstrap-carousel.js  (0ms)  (pid 5208)
Compiled bootstrap-collapse.js  (0ms)  (pid 5208)
Compiled bootstrap-dropdown.js  (0ms)  (pid 5208)
Compiled bootstrap-modal.js  (0ms)  (pid 5208)
Compiled bootstrap-scrollspy.js  (0ms)  (pid 5208)
Compiled bootstrap-tab.js  (0ms)  (pid 5208)
Compiled bootstrap-tooltip.js  (0ms)  (pid 5208)
Compiled bootstrap-popover.js  (0ms)  (pid 5208)
Compiled bootstrap-typeahead.js  (0ms)  (pid 5208)
Compiled bootstrap.js  (366ms)  (pid 5208)
Compiled administrador.js  (185ms)  (pid 5208)
Compiled home.js  (0ms)  (pid 5208)
Compiled notificacion.js  (0ms)  (pid 5208)
Compiled solicitudes.js  (0ms)  (pid 5208)
Compiled application.js  (730ms)  (pid 5208)
  Rendered layouts/_navigation.html.erb (1.5ms)
  Rendered layouts/_messages.html.erb (0.3ms)
  Rendered layouts/_footer.html.erb (0.2ms)
Completed 200 OK in 3939ms (Views: 3938.4ms | ActiveRecord: 0.0ms)


Started GET "/users/sign_in" for 127.0.0.1 at 2013-04-16 12:06:01 -0500
Processing by Devise::SessionsController#new as HTML
  Rendered devise/sessions/new.html.erb within layouts/application (242.7ms)
  Rendered layouts/_navigation.html.erb (0.7ms)
  Rendered layouts/_messages.html.erb (0.0ms)
  Rendered layouts/_footer.html.erb (0.0ms)
Completed 200 OK in 575ms (Views: 269.7ms | ActiveRecord: 236.5ms)
